<?xml version="1.0" encoding="UTF-8"?>
<<<<<<< HEAD
<testsuite name="com.bridgelabz.linkedlisttest.MyLinkedListTest" tests="5" skipped="0" failures="0" errors="0" timestamp="2021-03-30T05:12:38" hostname="DESKTOP-2DC5FKU" time="0.139">
  <properties/>
  <testcase name="given3Numbers_whenAppendedToLinkedList_ShouldAddAtLast()" classname="com.bridgelabz.linkedlisttest.MyLinkedListTest" time="0.048"/>
  <testcase name="given3Numbers_WhenAddedToLinkedList_ShouldBeAddedToBetween()" classname="com.bridgelabz.linkedlisttest.MyLinkedListTest" time="0.001"/>
  <testcase name="given3Numbers_whenAddedToLinkedList_ShouldAppearOnTop()" classname="com.bridgelabz.linkedlisttest.MyLinkedListTest" time="0.004"/>
  <testcase name="given3Numbers_WhenDeletedFirstElement_ShouldPassLinkedListResult()" classname="com.bridgelabz.linkedlisttest.MyLinkedListTest" time="0.01"/>
  <testcase name="given3Numbers_whenDeleteLastElement_ShouldPassLinkedListResult()" classname="com.bridgelabz.linkedlisttest.MyLinkedListTest" time="0.006"/>
=======
<testsuite name="com.bridgelabz.linkedlisttest.MyLinkedListTest" tests="5" skipped="0" failures="0" errors="0" timestamp="2021-03-26T09:24:46" hostname="DESKTOP-2DC5FKU" time="0.042">
  <properties/>
  <testcase name="given3Numbers_whenAppendedToLinkedList_ShouldAddAtLast()" classname="com.bridgelabz.linkedlisttest.MyLinkedListTest" time="0.03"/>
  <testcase name="given3Numbers_WhenAddedToLinkedList_ShouldBeAddedToBetween()" classname="com.bridgelabz.linkedlisttest.MyLinkedListTest" time="0.002"/>
  <testcase name="given3Numbers_whenAddedToLinkedList_ShouldAppearOnTop()" classname="com.bridgelabz.linkedlisttest.MyLinkedListTest" time="0.004"/>
  <testcase name="given3Numbers_WhenDeletedFirstElement_ShouldPassLinkedListResult()" classname="com.bridgelabz.linkedlisttest.MyLinkedListTest" time="0.001"/>
  <testcase name="given3Numbers_whenDeleteLastElement_ShouldPassLinkedListResult()" classname="com.bridgelabz.linkedlisttest.MyLinkedListTest" time="0.001"/>
>>>>>>> UC-6
  <system-out><![CDATA[56->30->70
56->30->70
56->30->70
30->70
<<<<<<< HEAD
56->3070
=======
56->30
>>>>>>> UC-6
]]></system-out>
  <system-err><![CDATA[]]></system-err>
</testsuite>
