<?xml version="1.0" encoding="UTF-8"?>
<testsuite name="com.bridgelabz.linkedlisttest.MyLinkedListTest" tests="4" skipped="0" failures="0" errors="0" timestamp="2021-03-26T08:29:34" hostname="DESKTOP-2DC5FKU" time="0.061">
  <properties/>
  <testcase name="given3Numbers_whenAppendedToLinkedList_ShouldAddAtLast()" classname="com.bridgelabz.linkedlisttest.MyLinkedListTest" time="0.045"/>
  <testcase name="given3Numbers_WhenAddedToLinkedList_ShouldBeAddedToBetween()" classname="com.bridgelabz.linkedlisttest.MyLinkedListTest" time="0.002"/>
  <testcase name="given3Numbers_whenAddedToLinkedList_ShouldAppearOnTop()" classname="com.bridgelabz.linkedlisttest.MyLinkedListTest" time="0.005"/>
  <testcase name="given3Numbers_WhenDeletedFirstElement_ShouldPassLinkedListResult()" classname="com.bridgelabz.linkedlisttest.MyLinkedListTest" time="0.002"/>
  <system-out><![CDATA[56->30->70
56->30->70
56->30->70
30->70
]]></system-out>
  <system-err><![CDATA[]]></system-err>
</testsuite>
