<?xml version="1.0" encoding="UTF-8"?>
<testsuite name="com.bridgelabz.linkedlisttest.MyLinkedListTest" tests="9" skipped="0" failures="0" errors="0" timestamp="2021-03-30T07:23:26" hostname="DESKTOP-2DC5FKU" time="0.06">
  <properties/>
  <testcase name="given3Numbers_searchKeyAndInsert_ShouldBeAddedToTheLinkedList()" classname="com.bridgelabz.linkedlisttest.MyLinkedListTest" time="0.028"/>
  <testcase name="given3NumberssearchanddeleteinLinkedListResult()" classname="com.bridgelabz.linkedlisttest.MyLinkedListTest" time="0.002"/>
  <testcase name="given3Numbers_whenAppendedToLinkedList_ShouldAddAtLast()" classname="com.bridgelabz.linkedlisttest.MyLinkedListTest" time="0.002"/>
  <testcase name="given3Numbers_whenSearchingForAnElement_ShouldReturnTrue()" classname="com.bridgelabz.linkedlisttest.MyLinkedListTest" time="0.003"/>
  <testcase name="given3Numbers_WhenAddedToLinkedList_ShouldBeAddedToBetween()" classname="com.bridgelabz.linkedlisttest.MyLinkedListTest" time="0.002"/>
  <testcase name="given3Numbers_whenAddedToLinkedList_ShouldAppearOnTop()" classname="com.bridgelabz.linkedlisttest.MyLinkedListTest" time="0.003"/>
  <testcase name="given3Numbers_WhenDeletedFirstElement_ShouldPassLinkedListResult()" classname="com.bridgelabz.linkedlisttest.MyLinkedListTest" time="0.0"/>
  <testcase name="givenNumbers_ReturnSortLinkedList()" classname="com.bridgelabz.linkedlisttest.MyLinkedListTest" time="0.002"/>
  <testcase name="given3Numbers_whenDeleteLastElement_ShouldPassLinkedListResult()" classname="com.bridgelabz.linkedlisttest.MyLinkedListTest" time="0.002"/>
  <system-out><![CDATA[56->30->40->70
56->30->70
56->30->70
56->30->70
56->30->70
56->30->70
30->70
30->40->56->70->80
56->30
]]></system-out>
  <system-err><![CDATA[]]></system-err>
</testsuite>
