<?xml version="1.0" encoding="UTF-8"?>
<testsuite name="com.bridgelabz.linkedlisttest.MyNodeTest" tests="1" skipped="0" failures="0" errors="0" timestamp="2021-03-25T15:21:39" hostname="DESKTOP-2DC5FKU" time="0.022">
  <properties/>
  <testcase name="given3Numbers_whenAdddedToLinkedList_ShouldAppearOnTop()" classname="com.bridgelabz.linkedlisttest.MyNodeTest" time="0.022"/>
  <system-out><![CDATA[]]></system-out>
  <system-err><![CDATA[]]></system-err>
</testsuite>
