<?xml version="1.0" encoding="UTF-8"?>
<testsuite name="com.bridgelabz.linkedlisttest.MyLinkedListTest" tests="3" skipped="0" failures="0" errors="0" timestamp="2021-03-26T07:42:11" hostname="DESKTOP-2DC5FKU" time="0.032">
  <properties/>
  <testcase name="given3Numbers_whenAppendedToLinkedList_ShouldAddAtLast()" classname="com.bridgelabz.linkedlisttest.MyLinkedListTest" time="0.024"/>
  <testcase name="given3NumbersWhenAddedToLinkedListShouldBeAddedToInBetween()" classname="com.bridgelabz.linkedlisttest.MyLinkedListTest" time="0.001"/>
  <testcase name="given3Numbers_whenAddedToLinkedList_ShouldAppearOnTop()" classname="com.bridgelabz.linkedlisttest.MyLinkedListTest" time="0.003"/>
  <system-out><![CDATA[56->30->70
56->30->70
56->30->70
]]></system-out>
  <system-err><![CDATA[]]></system-err>
</testsuite>
